
Experiment name:	fricExp_v2
Sub experiment:		woFric/
Description:
  With this experiment, the implementation of bottom friction 
in particle model is tested. 
The comparisons are made with SWAN model.
Whe waves are sampled from JONSWAP spectrum with cos^2 distribution
______________________________________________________________
Bathymetry details:
	x in  [ 0,  30 ],
	y in  [ 0,  10 ],
	Maximum depth: 0.4[m]
	Bathymetry equation:  0.1 .+ D_max .* ( 
                             (3/2).* min.(x , 10) ./ x_max   
                          -  ( x .> 10).*( (1.2).* min.(x .- 10, 5) ./ x_max )  
                          +  ( x .> 15).*(3/2).* (x.-15) ./ x_max  ) 
______________________________________________________________
Boundary conditions:
	H_sig: 0.1[m]
	Spectrum: BIN
	Directional spreading: 500[deg]
	Peak wave period: 2.5[sec]
	Peak wave direction: 200[deg] (w.r.t +x-axis)
______________________________________________________________
Processes involved:
	Shoaling,
	Refraction,
	Depth induced breaking
______________________________________________________________
Particle model settings:
	Number of boundary sampes: 1
	Time step: 0.0001
	RNG seed: 1234
	---------------------------------------------
	Computational grid:  nx:80 ny:1
	Number of iterations: 11
	--------------------------------------------
